<?xml version="1.0" encoding="UTF-8"?>
<!-- Generated by org.testng.reporters.JUnitXMLReporter -->
<testsuite hostname="Navpreets-MacBook-Pro.local" ignored="0" name="Rentals Test" tests="1" failures="1" timestamp="01 Aug 2017 12:16:35 GMT" time="42.559" errors="0">
  <testcase name="makeLocalTrip" time="42.135" classname="Scenarios.LocalTrip">
    <failure type="java.lang.AssertionError" message="The following asserts failed:
	expected [Request Submitted Successfully] but found [http://qarentals.shuttl.com/requestSubmitted]">
      <![CDATA[java.lang.AssertionError: The following asserts failed:
	expected [Request Submitted Successfully] but found [http://qarentals.shuttl.com/requestSubmitted]
	at Scenarios.LocalTrip.makeLocalTrip(LocalTrip.java:164)
... Removed 26 stack frames]]>
    </failure>
  </testcase> <!-- makeLocalTrip -->
</testsuite> <!-- Rentals Test -->
