<?xml version="1.0" encoding="UTF-8"?>
<testng-results skipped="0" failed="0" ignored="0" total="1" passed="1">
  <reporter-output>
  </reporter-output>
  <suite name="Default suite" duration-ms="59500" started-at="2017-08-14T14:34:56Z" finished-at="2017-08-14T14:35:55Z">
    <groups>
    </groups>
    <test name="Default test" duration-ms="59500" started-at="2017-08-14T14:34:56Z" finished-at="2017-08-14T14:35:55Z">
      <class name="Scenarios.LocalTrip">
        <test-method status="PASS" signature="makeLocalTrip()[pri:0, instance:Scenarios.LocalTrip@32d992b2]" name="makeLocalTrip" duration-ms="59392" started-at="2017-08-14T20:04:56Z" finished-at="2017-08-14T20:05:55Z">
          <reporter-output>
          </reporter-output>
        </test-method> <!-- makeLocalTrip -->
        <test-method status="PASS" signature="tearDown(org.testng.ITestResult)[pri:0, instance:Scenarios.LocalTrip@32d992b2]" name="tearDown" is-config="true" duration-ms="87" started-at="2017-08-14T20:05:55Z" finished-at="2017-08-14T20:05:55Z">
          <params>
            <param index="0">
              <value>
                <![CDATA[[TestResult name=makeLocalTrip status=SUCCESS method=LocalTrip.makeLocalTrip()[pri:0, instance:Scenarios.LocalTrip@32d992b2] output={null}]]]>
              </value>
            </param>
          </params>
          <reporter-output>
          </reporter-output>
        </test-method> <!-- tearDown -->
      </class> <!-- Scenarios.LocalTrip -->
    </test> <!-- Default test -->
  </suite> <!-- Default suite -->
</testng-results>
