<?xml version="1.0" encoding="UTF-8"?>
<testng-results skipped="0" failed="1" ignored="0" total="1" passed="0">
  <reporter-output>
  </reporter-output>
  <suite name="Default suite" duration-ms="178996" started-at="2017-08-02T10:11:18Z" finished-at="2017-08-02T10:14:17Z">
    <groups>
    </groups>
    <test name="Default test" duration-ms="178996" started-at="2017-08-02T10:11:18Z" finished-at="2017-08-02T10:14:17Z">
      <class name="Scenarios.LocalTrip">
        <test-method status="FAIL" signature="makeLocalTrip()[pri:0, instance:Scenarios.LocalTrip@48aaecc3]" name="makeLocalTrip" duration-ms="80679" started-at="2017-08-02T15:41:18Z" finished-at="2017-08-02T15:42:38Z">
          <exception class="java.lang.NullPointerException">
            <full-stacktrace>
              <![CDATA[java.lang.NullPointerException
	at com.google.common.base.Preconditions.checkNotNull(Preconditions.java:212)
	at org.openqa.selenium.support.ui.FluentWait.<init>(FluentWait.java:102)
	at org.openqa.selenium.support.ui.WebDriverWait.<init>(WebDriverWait.java:71)
	at org.openqa.selenium.support.ui.WebDriverWait.<init>(WebDriverWait.java:45)
	at CommonClasses.Setup_Class.getElementWhenVisible(Setup_Class.java:141)
	at CommonClasses.Setup_Class.click(Setup_Class.java:131)
	at Pages.Homepage.clickPriceButton(Homepage.java:41)
	at Scenarios.LocalTrip.makeLocalTrip(LocalTrip.java:43)
	at sun.reflect.NativeMethodAccessorImpl.invoke0(Native Method)
	at sun.reflect.NativeMethodAccessorImpl.invoke(NativeMethodAccessorImpl.java:62)
	at sun.reflect.DelegatingMethodAccessorImpl.invoke(DelegatingMethodAccessorImpl.java:43)
	at java.lang.reflect.Method.invoke(Method.java:498)
	at org.testng.internal.MethodInvocationHelper.invokeMethod(MethodInvocationHelper.java:108)
	at org.testng.internal.Invoker.invokeMethod(Invoker.java:661)
	at org.testng.internal.Invoker.invokeTestMethod(Invoker.java:869)
	at org.testng.internal.Invoker.invokeTestMethods(Invoker.java:1193)
	at org.testng.internal.TestMethodWorker.invokeTestMethods(TestMethodWorker.java:126)
	at org.testng.internal.TestMethodWorker.run(TestMethodWorker.java:109)
	at org.testng.TestRunner.privateRun(TestRunner.java:744)
	at org.testng.TestRunner.run(TestRunner.java:602)
	at org.testng.SuiteRunner.runTest(SuiteRunner.java:380)
	at org.testng.SuiteRunner.runSequentially(SuiteRunner.java:375)
	at org.testng.SuiteRunner.privateRun(SuiteRunner.java:340)
	at org.testng.SuiteRunner.run(SuiteRunner.java:289)
	at org.testng.SuiteRunnerWorker.runSuite(SuiteRunnerWorker.java:52)
	at org.testng.SuiteRunnerWorker.run(SuiteRunnerWorker.java:86)
	at org.testng.TestNG.runSuitesSequentially(TestNG.java:1301)
	at org.testng.TestNG.runSuitesLocally(TestNG.java:1226)
	at org.testng.TestNG.runSuites(TestNG.java:1144)
	at org.testng.TestNG.run(TestNG.java:1115)
	at org.testng.remote.AbstractRemoteTestNG.run(AbstractRemoteTestNG.java:132)
	at org.testng.remote.RemoteTestNG.initAndRun(RemoteTestNG.java:230)
	at org.testng.remote.RemoteTestNG.main(RemoteTestNG.java:76)
]]>
            </full-stacktrace>
          </exception> <!-- java.lang.NullPointerException -->
          <reporter-output>
          </reporter-output>
        </test-method> <!-- makeLocalTrip -->
        <test-method status="PASS" signature="tearDown(org.testng.ITestResult)[pri:0, instance:Scenarios.LocalTrip@48aaecc3]" name="tearDown" is-config="true" duration-ms="57521" started-at="2017-08-02T15:42:39Z" finished-at="2017-08-02T15:43:36Z">
          <params>
            <param index="0">
              <value>
                <![CDATA[[TestResult name=makeLocalTrip status=FAILURE method=LocalTrip.makeLocalTrip()[pri:0, instance:Scenarios.LocalTrip@48aaecc3] output={null}]]]>
              </value>
            </param>
          </params>
          <reporter-output>
          </reporter-output>
        </test-method> <!-- tearDown -->
      </class> <!-- Scenarios.LocalTrip -->
    </test> <!-- Default test -->
  </suite> <!-- Default suite -->
</testng-results>
